[INFO ] 2024-09-30 12:25:49.393 [main] Myshop - Url opened
[INFO ] 2024-09-30 12:25:50.491 [main] Myshop - click on sign in
[INFO ] 2024-09-30 12:25:50.641 [main] Myshop - email entered 
[INFO ] 2024-09-30 12:25:50.728 [main] Myshop - create account button clicked entered 
[INFO ] 2024-09-30 12:26:04.962 [main] Myshop - Url opened
[INFO ] 2024-09-30 12:39:18.618 [main] Myshop - Url opened
[INFO ] 2024-09-30 12:39:19.756 [main] Myshop - click on sign in
[INFO ] 2024-09-30 12:39:19.865 [main] Myshop - email entered 
[INFO ] 2024-09-30 12:39:19.921 [main] Myshop - create account button clicked entered 
[INFO ] 2024-09-30 12:39:34.823 [main] Myshop - Url opened
[INFO ] 2024-09-30 12:39:35.736 [main] Myshop - click on sign in link
[INFO ] 2024-09-30 12:39:35.876 [main] Myshop - entered email
[INFO ] 2024-09-30 12:39:36.005 [main] Myshop - entered password 
[INFO ] 2024-09-30 12:39:37.132 [main] Myshop - entered sigin button
[INFO ] 2024-09-30 12:58:37.089 [main] Myshop - Url opened
[INFO ] 2024-09-30 12:58:38.543 [main] Myshop - click on sign in
[INFO ] 2024-09-30 12:58:38.691 [main] Myshop - email entered 
[INFO ] 2024-09-30 12:58:38.758 [main] Myshop - create account button clicked entered 
[INFO ] 2024-09-30 12:58:53.868 [main] Myshop - Url opened
[INFO ] 2024-09-30 12:58:55.015 [main] Myshop - click on sign in link
[INFO ] 2024-09-30 12:58:55.124 [main] Myshop - entered email
[INFO ] 2024-09-30 12:58:55.224 [main] Myshop - entered password 
[INFO ] 2024-09-30 12:58:56.160 [main] Myshop - entered sigin button
